\BOOKMARK [0][-]{section*.1}{\376\377\000C\000o\000n\000t\000e\000n\000t\000s}{}% 1
\BOOKMARK [0][-]{chapter.1}{\376\377\000P\000r\000o\000p\000e\000r\000t\000i\000e\000s\000\040\000o\000f\000\040\000I\000n\000t\000e\000g\000e\000r\000s}{}% 2
\BOOKMARK [1][-]{section.1.1}{\376\377\000D\000i\000v\000i\000s\000i\000b\000i\000l\000i\000t\000y}{chapter.1}% 3
\BOOKMARK [1][-]{section.1.2}{\376\377\000M\000o\000d\000u\000l\000a\000r\000\040\000A\000r\000i\000t\000h\000m\000e\000t\000i\000c\000\040\000\046\000\040\000R\000e\000s\000i\000d\000u\000e\000s}{chapter.1}% 4
\BOOKMARK [1][-]{section.1.3}{\376\377\000R\000i\000n\000g\000\040\000T\000h\000e\000o\000r\000y}{chapter.1}% 5
\BOOKMARK [1][-]{section.1.4}{\376\377\000I\000d\000e\000a\000l\000s\000\040\000\046\000\040\000G\000e\000n\000e\000r\000a\000t\000o\000r\000s}{chapter.1}% 6
\BOOKMARK [1][-]{section.1.5}{\376\377\000P\000r\000i\000m\000e\000s\000\040\000\046\000\040\000G\000r\000e\000a\000t\000e\000s\000t\000/\000L\000o\000w\000e\000s\000t\000\040\000C\000o\000m\000m\000o\000n\000\040\000D\000i\000v\000i\000s\000o\000r\000s}{chapter.1}% 7
\BOOKMARK [0][-]{chapter.2}{\376\377\000C\000o\000n\000g\000r\000u\000e\000n\000c\000e\000s}{}% 8
\BOOKMARK [1][-]{section.2.1}{\376\377\000E\000q\000u\000i\000v\000a\000l\000e\000n\000c\000e\000\040\000R\000e\000l\000a\000t\000i\000o\000n\000s}{chapter.2}% 9
\BOOKMARK [1][-]{section.2.2}{\376\377\000M\000o\000d\000u\000l\000a\000r\000\040\000C\000o\000n\000g\000r\000u\000e\000n\000c\000e\000s}{chapter.2}% 10
\BOOKMARK [1][-]{section.2.3}{\376\377\000S\000o\000l\000v\000i\000n\000g\000\040\000L\000i\000n\000e\000a\000r\000\040\000C\000o\000n\000g\000r\000u\000e\000n\000c\000e\000s}{chapter.2}% 11
\BOOKMARK [2][-]{section*.12}{\376\377\000T\000h\000e\000\040\000C\000h\000i\000n\000e\000s\000e\000\040\000R\000e\000m\000a\000i\000n\000d\000e\000r\000\040\000T\000h\000e\000o\000r\000e\000m}{section.2.3}% 12
\BOOKMARK [1][-]{section.2.4}{\376\377\000R\000e\000s\000i\000d\000u\000e\000\040\000C\000l\000a\000s\000s\000e\000s}{chapter.2}% 13
\BOOKMARK [2][-]{section*.16}{\376\377\000E\000u\000l\000e\000r\000'\000s\000\040\000P\000h\000i\000\040\000F\000u\000n\000c\000t\000i\000o\000n}{section.2.4}% 14
\BOOKMARK [1][-]{section.2.5}{\376\377\000E\000u\000l\000e\000r\000'\000s\000\040\000T\000h\000e\000o\000r\000e\000m\000\040\000\046\000\040\000F\000e\000r\000m\000a\000t\000'\000s\000\040\000L\000i\000t\000t\000l\000e\000\040\000T\000h\000e\000o\000r\000e\000m}{chapter.2}% 15
\BOOKMARK [1][-]{section.2.6}{\376\377\000Q\000u\000a\000d\000r\000a\000t\000i\000c\000\040\000R\000e\000s\000i\000d\000u\000e\000s}{chapter.2}% 16
\BOOKMARK [2][-]{section*.17}{\376\377\000Q\000u\000a\000d\000r\000a\000t\000i\000c\000\040\000R\000e\000s\000i\000d\000u\000e\000s\000\040\000M\000o\000d\000u\000l\000o\000\040\000P\000r\000i\000m\000e\000s}{section.2.6}% 17
\BOOKMARK [2][-]{section*.18}{\376\377\000Q\000u\000a\000d\000r\000a\000t\000i\000c\000\040\000R\000e\000s\000i\000d\000u\000e\000s\000\040\000M\000o\000d\000u\000l\000o\000\040\000o\000f\000\040\000R\000a\000i\000s\000e\000d\000\040\000P\000r\000i\000m\000e\000s}{section.2.6}% 18
\BOOKMARK [2][-]{section*.19}{\376\377\000C\000h\000i\000n\000e\000s\000e\000\040\000R\000e\000m\000a\000i\000n\000d\000e\000r\000\040\000M\000a\000p\000\040\000A\000p\000p\000l\000i\000e\000d\000\040\000t\000o\000\040\000Q\000u\000a\000d\000r\000a\000t\000i\000c\000\040\000R\000e\000s\000i\000d\000u\000e\000s}{section.2.6}% 19
\BOOKMARK [2][-]{section*.20}{\376\377\000S\000q\000u\000a\000r\000e\000\040\000r\000o\000o\000t\000s\000\040\000o\000f\000\040\000-\0001\000\040\000m\000o\000d\000u\000l\000o\000\040\000p}{section.2.6}% 20
\BOOKMARK [0][-]{chapter.3}{\376\377\000C\000o\000m\000p\000l\000e\000x\000i\000t\000y\000\040\000A\000n\000a\000l\000y\000s\000i\000s}{}% 21
\BOOKMARK [1][-]{section.3.1}{\376\377\000A\000s\000y\000m\000p\000t\000o\000t\000i\000c\000\040\000A\000n\000a\000l\000y\000s\000i\000s}{chapter.3}% 22
\BOOKMARK [1][-]{section.3.2}{\376\377\000E\000v\000a\000l\000u\000a\000t\000i\000n\000g\000\040\000A\000l\000g\000o\000r\000i\000t\000h\000m\000s}{chapter.3}% 23
\BOOKMARK [1][-]{section.3.3}{\376\377\000C\000o\000m\000p\000u\000t\000e\000r\000s\000\040\000\046\000\040\000N\000u\000m\000b\000e\000r\000\040\000B\000a\000s\000e\000\040\000S\000y\000s\000t\000e\000m\000s}{chapter.3}% 24
\BOOKMARK [1][-]{section.3.4}{\376\377\000C\000o\000m\000p\000u\000t\000i\000n\000g\000\040\000L\000a\000r\000g\000e\000\040\000N\000u\000m\000b\000e\000r\000s}{chapter.3}% 25
\BOOKMARK [1][-]{section.3.5}{\376\377\000C\000o\000m\000p\000u\000t\000i\000n\000g\000\040\000i\000n\000\040\000Z\000n}{chapter.3}% 26
